[debug] [2021-08-02T02:36:30.847Z] ----------------------------------------------------------------------
[debug] [2021-08-02T02:36:30.852Z] Command:       /home/oscar/.nvm/versions/node/v16.5.0/bin/node /home/oscar/.nvm/versions/node/v16.5.0/bin/firebase init
[debug] [2021-08-02T02:36:30.853Z] CLI Version:   9.16.0
[debug] [2021-08-02T02:36:30.854Z] Platform:      linux
[debug] [2021-08-02T02:36:30.854Z] Node Version:  v16.5.0
[debug] [2021-08-02T02:36:30.855Z] Time:          Sun Aug 01 2021 23:36:30 GMT-0300 (hora estándar de Argentina)
[debug] [2021-08-02T02:36:30.855Z] ----------------------------------------------------------------------
[debug] 
[debug] [2021-08-02T02:36:30.867Z] > command requires scopes: ["email","openid","https://www.googleapis.com/auth/cloudplatformprojects.readonly","https://www.googleapis.com/auth/firebase","https://www.googleapis.com/auth/cloud-platform"]
[debug] [2021-08-02T02:36:30.867Z] > authorizing via signed-in user (oscarprogrammer007@gmail.com)
[info] 
     ######## #### ########  ######## ########     ###     ######  ########
     ##        ##  ##     ## ##       ##     ##  ##   ##  ##       ##
     ######    ##  ########  ######   ########  #########  ######  ######
     ##        ##  ##    ##  ##       ##     ## ##     ##       ## ##
     ##       #### ##     ## ######## ########  ##     ##  ######  ########

You're about to initialize a Firebase project in this directory:

  /home/oscar/Documentos/ProyectosPractica/RepositoriosPractica/mern-stack-deploy/client

[info] 
=== Project Setup
[info] 
[info] First, let's associate this project directory with a Firebase project.
[info] You can create multiple project aliases by running firebase use --add, 
[info] but for now we'll just set up a default project.
[info] 
[debug] [2021-08-02T02:37:50.498Z] >>> [apiv2][query] GET https://firebase.googleapis.com/v1beta1/projects pageSize=100
[debug] [2021-08-02T02:37:51.321Z] <<< [apiv2][status] GET https://firebase.googleapis.com/v1beta1/projects 200
[debug] [2021-08-02T02:37:51.321Z] <<< [apiv2][body] GET https://firebase.googleapis.com/v1beta1/projects [omitted]
[info] i  Using project frontprueba-a96f4 (frontprueba) 
[info] 
=== Hosting Setup
[info] 
[info] Your public directory is the folder (relative to your project directory) that
[info] will contain Hosting assets to be uploaded with firebase deploy. If you
[info] have a build process for your assets, use your build's output directory.
[info] 
[debug] [2021-08-02T02:38:31.662Z] >>> [apiv2][query] GET https://www.gstatic.com/firebasejs/releases.json [none]
[debug] [2021-08-02T02:38:32.021Z] <<< [apiv2][status] GET https://www.gstatic.com/firebasejs/releases.json 200
[debug] [2021-08-02T02:38:32.022Z] <<< [apiv2][body] GET https://www.gstatic.com/firebasejs/releases.json {"current":{"version":"8.8.1","browserURL":"https://www.gstatic.com/firebasejs/8.8.1/firebase.js","packageURL":"https://www.gstatic.com/firebasejs/8.8.1/firebase.tgz"},"live":{"version":"8.8","browserURL":"https://www.gstatic.com/firebasejs/live/8.8/firebase.js","packageURL":"https://www.gstatic.com/firebasejs/live/8.8/firebase.tgz"},"components":{"analytics":"https://www.gstatic.com/firebasejs/8.8.1/firebase-analytics.js","app":"https://www.gstatic.com/firebasejs/8.8.1/firebase-app.js","app-check":"https://www.gstatic.com/firebasejs/8.8.1/firebase-app-check.js","auth":"https://www.gstatic.com/firebasejs/8.8.1/firebase-auth.js","database":"https://www.gstatic.com/firebasejs/8.8.1/firebase-database.js","firestore":"https://www.gstatic.com/firebasejs/8.8.1/firebase-firestore.js","functions":"https://www.gstatic.com/firebasejs/8.8.1/firebase-functions.js","installations":"https://www.gstatic.com/firebasejs/8.8.1/firebase-installations.js","messaging":"https://www.gstatic.com/firebasejs/8.8.1/firebase-messaging.js","storage":"https://www.gstatic.com/firebasejs/8.8.1/firebase-storage.js","performance":"https://www.gstatic.com/firebasejs/8.8.1/firebase-performance.js","remote-config":"https://www.gstatic.com/firebasejs/8.8.1/firebase-remote-config.js","firestore.memory":"https://www.gstatic.com/firebasejs/8.8.1/firebase-firestore.memory.js"}}
[info] ✔  Wrote build/index.html 
[info] 
[info] i  Detected a .git folder at /home/oscar/Documentos/ProyectosPractica/RepositoriosPractica/mern-stack-deploy 
[info] i  Authorizing with GitHub to upload your service account to a GitHub repository's secrets store. 
[info] 
[info] Visit this URL on this device to log in:
[info] https://github.com/login/oauth/authorize?client_id=89cf50f02ac6aaed3484&state=682650108&redirect_uri=http%3A%2F%2Flocalhost%3A9005&scope=read%3Auser%20repo%20public_repo
[info] 
[info] Waiting for authentication...
[debug] [2021-08-02T02:38:55.358Z] >>> HTTP REQUEST POST https://github.com/login/oauth/access_token  
 {"client_id":"89cf50f02ac6aaed3484","client_secret":"3330d14abc895d9a74d5f17cd7a00711fa2c5bf0","code":"2000daa2cc54e72b426d","redirect_uri":"http://localhost:9005","state":"682650108"}
[debug] [2021-08-02T02:38:55.932Z] <<< HTTP RESPONSE 200 {"server":"GitHub.com","date":"Mon, 02 Aug 2021 02:38:55 GMT","content-type":"application/json; charset=utf-8","transfer-encoding":"chunked","vary":"X-PJAX, Accept-Encoding, Accept, X-Requested-With","permissions-policy":"interest-cohort=()","etag":"W/\"fff2727ea2de6701b2393ba7f0557d05\"","cache-control":"max-age=0, private, must-revalidate","strict-transport-security":"max-age=31536000; includeSubdomains; preload","x-frame-options":"deny","x-content-type-options":"nosniff","x-xss-protection":"0","referrer-policy":"origin-when-cross-origin, strict-origin-when-cross-origin","expect-ct":"max-age=2592000, report-uri=\"https://api.github.com/_private/browser/errors\"","content-security-policy":"default-src 'none'; base-uri 'self'; block-all-mixed-content; connect-src 'self' uploads.github.com www.githubstatus.com collector.githubapp.com api.github.com github-cloud.s3.amazonaws.com github-production-repository-file-5c1aeb.s3.amazonaws.com github-production-upload-manifest-file-7fdce7.s3.amazonaws.com github-production-user-asset-6210df.s3.amazonaws.com cdn.optimizely.com logx.optimizely.com/v1/events translator.github.com wss://alive.github.com; font-src github.githubassets.com; form-action 'self' github.com gist.github.com; frame-ancestors 'none'; frame-src render.githubusercontent.com render-temp.githubusercontent.com viewscreen.githubusercontent.com; img-src 'self' data: github.githubassets.com identicons.github.com collector.githubapp.com github-cloud.s3.amazonaws.com secured-user-images.githubusercontent.com/ *.githubusercontent.com; manifest-src 'self'; media-src 'none'; script-src github.githubassets.com; style-src 'unsafe-inline' github.githubassets.com; worker-src github.com/socket-worker-3f088aa2.js gist.github.com/socket-worker-3f088aa2.js","x-github-request-id":"9B22:146D:53DC67:732753:61075ABF"}
[debug] [2021-08-02T02:38:55.962Z] >>> [apiv2][query] GET https://api.github.com/user [none]
[debug] [2021-08-02T02:38:56.846Z] <<< [apiv2][status] GET https://api.github.com/user 200
[debug] [2021-08-02T02:38:56.847Z] <<< [apiv2][body] GET https://api.github.com/user {"login":"OscarVargas-FrontDev","id":87158716,"node_id":"MDQ6VXNlcjg3MTU4NzE2","avatar_url":"https://avatars.githubusercontent.com/u/87158716?v=4","gravatar_id":"","url":"https://api.github.com/users/OscarVargas-FrontDev","html_url":"https://github.com/OscarVargas-FrontDev","followers_url":"https://api.github.com/users/OscarVargas-FrontDev/followers","following_url":"https://api.github.com/users/OscarVargas-FrontDev/following{/other_user}","gists_url":"https://api.github.com/users/OscarVargas-FrontDev/gists{/gist_id}","starred_url":"https://api.github.com/users/OscarVargas-FrontDev/starred{/owner}{/repo}","subscriptions_url":"https://api.github.com/users/OscarVargas-FrontDev/subscriptions","organizations_url":"https://api.github.com/users/OscarVargas-FrontDev/orgs","repos_url":"https://api.github.com/users/OscarVargas-FrontDev/repos","events_url":"https://api.github.com/users/OscarVargas-FrontDev/events{/privacy}","received_events_url":"https://api.github.com/users/OscarVargas-FrontDev/received_events","type":"User","site_admin":false,"name":"Oscar Fernando Vargas","company":"OV","blog":"in-building.com","location":"Salta Capital","email":null,"hireable":true,"bio":"Desarrollador Front-End\r\nStack JS\r\nFreelance","twitter_username":"notUserYet","public_repos":3,"public_gists":0,"followers":0,"following":0,"created_at":"2021-07-09T01:46:43Z","updated_at":"2021-08-02T02:38:54Z","private_gists":0,"total_private_repos":0,"owned_private_repos":0,"disk_usage":2750,"collaborators":0,"two_factor_authentication":false,"plan":{"name":"free","space":976562499,"collaborators":0,"private_repos":10000}}
[info] 
[info] ✔  Success! Logged into GitHub as OscarVargas-FrontDev 
[info] 
[debug] [2021-08-02T02:39:36.924Z] >>> [apiv2][query] GET https://api.github.com/repos//actions/secrets/public-key type=owner
[debug] [2021-08-02T02:39:37.756Z] <<< [apiv2][status] GET https://api.github.com/repos//actions/secrets/public-key 404
[debug] [2021-08-02T02:39:37.757Z] <<< [apiv2][body] GET https://api.github.com/repos//actions/secrets/public-key {"message":"Not Found","documentation_url":"https://docs.github.com/rest"}
[debug] [2021-08-02T02:40:26.330Z] >>> [apiv2][query] GET https://api.github.com/repos/repository/actions/secrets/public-key type=owner
[debug] [2021-08-02T02:40:27.244Z] <<< [apiv2][status] GET https://api.github.com/repos/repository/actions/secrets/public-key 404
[debug] [2021-08-02T02:40:27.245Z] <<< [apiv2][body] GET https://api.github.com/repos/repository/actions/secrets/public-key {"message":"Not Found","documentation_url":"https://docs.github.com/rest"}
